<?xml version="1.0" encoding="utf-8"?><testsuites><testsuite name="pytest" errors="0" failures="0" skipped="0" tests="7" time="0.626" timestamp="2024-09-08T23:16:45.712183+00:00" hostname="a1fb9d3ea8f0"><testcase classname="test_app.LibraryAppTestCase" name="test_borrow_book" time="0.057" /><testcase classname="test_app.LibraryAppTestCase" name="test_index_route" time="0.004" /><testcase classname="test_app.LibraryAppTestCase" name="test_remove_book" time="0.011" /><testcase classname="test_app.LibraryAppTestCase" name="test_return_book" time="0.010" /><testcase classname="test_app.LibraryAppTestCase" name="test_save_and_load_data" time="0.004" /><testcase classname="test_app.LibraryAppTestCase" name="test_search_book" time="0.039" /><testcase classname="test_app.LibraryAppTestCase" name="test_update_book" time="0.012" /></testsuite></testsuites>